<?xml version="1.0" encoding="UTF-8"?>
<!-- Generated by org.testng.reporters.JUnitReportReporter -->
<testsuite hostname="DESKTOP-643I52C" failures="0" tests="5" name="Test.Add_Test" time="14.003" errors="0" timestamp="2024-06-06T19:58:59 IST" skipped="0">
  <testcase classname="Test.Add_Test" name="Login_TestCase_Without_Enteringdata" time="0.105"/>
  <testcase classname="Test.Add_Test" name="Login_TestCase_valid_username_valid_password" time="4.784"/>
  <testcase classname="Test.Add_Test" name="Perform_Pim" time="0.273"/>
  <testcase classname="Test.Add_Test" name="Add_Emp" time="2.595"/>
  <testcase classname="Test.Add_Test" name="SaveButton" time="6.246"/>
</testsuite> <!-- Test.Add_Test -->
